=\pretest.json 
{
  _: [],
  f: [
    'c:\\VSS\\dei_studies\\VLDAA\\Rod_Cutting\\NEW\\experiment\\pretest.json'
  ],
  files: [
    'c:\\VSS\\dei_studies\\VLDAA\\Rod_Cutting\\NEW\\experiment\\pretest.json'
  ],
  c: 'assessment',
  contentTypes: 'assessment',
  'content-types': 'assessment',
  '$0': 'validate'
}
Validated true
=\posttest.json 
{
  _: [],
  f: [
    'c:\\VSS\\dei_studies\\VLDAA\\Rod_Cutting\\NEW\\experiment\\posttest.json'
  ],
  files: [
    'c:\\VSS\\dei_studies\\VLDAA\\Rod_Cutting\\NEW\\experiment\\posttest.json'
  ],
  c: 'assessment',
  contentTypes: 'assessment',
  'content-types': 'assessment',
  '$0': 'validate'
}
Validated true
